0 info it worked if it ends with ok
1 verbose cli [ '/usr/bin/node', '/usr/bin/npm', 'install' ]
2 info using npm@3.5.2
3 info using node@v8.10.0
4 silly loadCurrentTree Starting
5 silly install loadCurrentTree
6 silly install readLocalPackageData
7 silly install normalizeTree
8 silly loadCurrentTree Finishing
9 silly loadIdealTree Starting
10 silly install loadIdealTree
11 silly cloneCurrentTree Starting
12 silly install cloneCurrentTreeToIdealTree
13 silly cloneCurrentTree Finishing
14 silly loadShrinkwrap Starting
15 silly install loadShrinkwrap
16 silly loadShrinkwrap Finishing
17 silly loadAllDepsIntoIdealTree Starting
18 silly install loadAllDepsIntoIdealTree
19 silly fetchNamedPackageData @tailwindcss/forms
20 silly mapToRegistry name @tailwindcss/forms
21 silly mapToRegistry scope (from package name) @tailwindcss
22 verbose mapToRegistry no registry URL found in name for scope @tailwindcss
23 silly mapToRegistry using default registry
24 silly mapToRegistry registry https://registry.npmjs.org/
25 silly mapToRegistry uri https://registry.npmjs.org/@tailwindcss%2fforms
26 silly fetchNamedPackageData @tailwindcss/typography
27 silly mapToRegistry name @tailwindcss/typography
28 silly mapToRegistry scope (from package name) @tailwindcss
29 verbose mapToRegistry no registry URL found in name for scope @tailwindcss
30 silly mapToRegistry using default registry
31 silly mapToRegistry registry https://registry.npmjs.org/
32 silly mapToRegistry uri https://registry.npmjs.org/@tailwindcss%2ftypography
33 silly fetchNamedPackageData alpinejs
34 silly mapToRegistry name alpinejs
35 silly mapToRegistry using default registry
36 silly mapToRegistry registry https://registry.npmjs.org/
37 silly mapToRegistry uri https://registry.npmjs.org/alpinejs
38 silly fetchNamedPackageData autoprefixer
39 silly mapToRegistry name autoprefixer
40 silly mapToRegistry using default registry
41 silly mapToRegistry registry https://registry.npmjs.org/
42 silly mapToRegistry uri https://registry.npmjs.org/autoprefixer
43 silly fetchNamedPackageData axios
44 silly mapToRegistry name axios
45 silly mapToRegistry using default registry
46 silly mapToRegistry registry https://registry.npmjs.org/
47 silly mapToRegistry uri https://registry.npmjs.org/axios
48 silly fetchNamedPackageData laravel-mix
49 silly mapToRegistry name laravel-mix
50 silly mapToRegistry using default registry
51 silly mapToRegistry registry https://registry.npmjs.org/
52 silly mapToRegistry uri https://registry.npmjs.org/laravel-mix
53 silly fetchNamedPackageData postcss
54 silly mapToRegistry name postcss
55 silly mapToRegistry using default registry
56 silly mapToRegistry registry https://registry.npmjs.org/
57 silly mapToRegistry uri https://registry.npmjs.org/postcss
58 silly fetchNamedPackageData postcss-import
59 silly mapToRegistry name postcss-import
60 silly mapToRegistry using default registry
61 silly mapToRegistry registry https://registry.npmjs.org/
62 silly mapToRegistry uri https://registry.npmjs.org/postcss-import
63 silly fetchNamedPackageData tailwindcss
64 silly mapToRegistry name tailwindcss
65 silly mapToRegistry using default registry
66 silly mapToRegistry registry https://registry.npmjs.org/
67 silly mapToRegistry uri https://registry.npmjs.org/tailwindcss
68 verbose get https://registry.npmjs.org/@tailwindcss%2fforms not expired, no request
69 silly resolveWithNewModule @tailwindcss/forms@0.2.1 checking installable status
70 silly cache add args [ '@tailwindcss/forms@^0.2.1', null ]
71 verbose cache add spec @tailwindcss/forms@^0.2.1
72 silly cache add parsed spec Result {
72 silly cache add   raw: '@tailwindcss/forms@^0.2.1',
72 silly cache add   scope: '@tailwindcss',
72 silly cache add   name: '@tailwindcss/forms',
72 silly cache add   rawSpec: '^0.2.1',
72 silly cache add   spec: '>=0.2.1 <0.3.0',
72 silly cache add   type: 'range' }
73 silly addNamed @tailwindcss/forms@>=0.2.1 <0.3.0
74 verbose addNamed ">=0.2.1 <0.3.0" is a valid semver range for @tailwindcss/forms
75 silly addNameRange { name: '@tailwindcss/forms',
75 silly addNameRange   range: '>=0.2.1 <0.3.0',
75 silly addNameRange   hasData: false }
76 silly mapToRegistry name @tailwindcss/forms
77 silly mapToRegistry scope (from package name) @tailwindcss
78 verbose mapToRegistry no registry URL found in name for scope @tailwindcss
79 silly mapToRegistry using default registry
80 silly mapToRegistry registry https://registry.npmjs.org/
81 silly mapToRegistry uri https://registry.npmjs.org/@tailwindcss%2fforms
82 verbose addNameRange registry:https://registry.npmjs.org/@tailwindcss%2fforms not in flight; fetching
83 verbose get https://registry.npmjs.org/@tailwindcss%2ftypography not expired, no request
84 silly resolveWithNewModule @tailwindcss/typography@0.3.1 checking installable status
85 silly cache add args [ '@tailwindcss/typography@^0.3.0', null ]
86 verbose cache add spec @tailwindcss/typography@^0.3.0
87 silly cache add parsed spec Result {
87 silly cache add   raw: '@tailwindcss/typography@^0.3.0',
87 silly cache add   scope: '@tailwindcss',
87 silly cache add   name: '@tailwindcss/typography',
87 silly cache add   rawSpec: '^0.3.0',
87 silly cache add   spec: '>=0.3.0 <0.4.0',
87 silly cache add   type: 'range' }
88 silly addNamed @tailwindcss/typography@>=0.3.0 <0.4.0
89 verbose addNamed ">=0.3.0 <0.4.0" is a valid semver range for @tailwindcss/typography
90 silly addNameRange { name: '@tailwindcss/typography',
90 silly addNameRange   range: '>=0.3.0 <0.4.0',
90 silly addNameRange   hasData: false }
91 silly mapToRegistry name @tailwindcss/typography
92 silly mapToRegistry scope (from package name) @tailwindcss
93 verbose mapToRegistry no registry URL found in name for scope @tailwindcss
94 silly mapToRegistry using default registry
95 silly mapToRegistry registry https://registry.npmjs.org/
96 silly mapToRegistry uri https://registry.npmjs.org/@tailwindcss%2ftypography
97 verbose addNameRange registry:https://registry.npmjs.org/@tailwindcss%2ftypography not in flight; fetching
98 verbose get https://registry.npmjs.org/alpinejs not expired, no request
99 silly resolveWithNewModule alpinejs@2.8.1 checking installable status
100 silly cache add args [ 'alpinejs@^2.7.3', null ]
101 verbose cache add spec alpinejs@^2.7.3
102 silly cache add parsed spec Result {
102 silly cache add   raw: 'alpinejs@^2.7.3',
102 silly cache add   scope: null,
102 silly cache add   name: 'alpinejs',
102 silly cache add   rawSpec: '^2.7.3',
102 silly cache add   spec: '>=2.7.3 <3.0.0',
102 silly cache add   type: 'range' }
103 silly addNamed alpinejs@>=2.7.3 <3.0.0
104 verbose addNamed ">=2.7.3 <3.0.0" is a valid semver range for alpinejs
105 silly addNameRange { name: 'alpinejs', range: '>=2.7.3 <3.0.0', hasData: false }
106 silly mapToRegistry name alpinejs
107 silly mapToRegistry using default registry
108 silly mapToRegistry registry https://registry.npmjs.org/
109 silly mapToRegistry uri https://registry.npmjs.org/alpinejs
110 verbose addNameRange registry:https://registry.npmjs.org/alpinejs not in flight; fetching
111 verbose get https://registry.npmjs.org/axios not expired, no request
112 silly resolveWithNewModule axios@0.21.1 checking installable status
113 silly cache add args [ 'axios@^0.21', null ]
114 verbose cache add spec axios@^0.21
115 silly cache add parsed spec Result {
115 silly cache add   raw: 'axios@^0.21',
115 silly cache add   scope: null,
115 silly cache add   name: 'axios',
115 silly cache add   rawSpec: '^0.21',
115 silly cache add   spec: '>=0.21.0 <0.22.0',
115 silly cache add   type: 'range' }
116 silly addNamed axios@>=0.21.0 <0.22.0
117 verbose addNamed ">=0.21.0 <0.22.0" is a valid semver range for axios
118 silly addNameRange { name: 'axios', range: '>=0.21.0 <0.22.0', hasData: false }
119 silly mapToRegistry name axios
120 silly mapToRegistry using default registry
121 silly mapToRegistry registry https://registry.npmjs.org/
122 silly mapToRegistry uri https://registry.npmjs.org/axios
123 verbose addNameRange registry:https://registry.npmjs.org/axios not in flight; fetching
124 verbose get https://registry.npmjs.org/laravel-mix not expired, no request
125 silly resolveWithNewModule laravel-mix@6.0.11 checking installable status
126 silly cache add args [ 'laravel-mix@^6.0.6', null ]
127 verbose cache add spec laravel-mix@^6.0.6
128 silly cache add parsed spec Result {
128 silly cache add   raw: 'laravel-mix@^6.0.6',
128 silly cache add   scope: null,
128 silly cache add   name: 'laravel-mix',
128 silly cache add   rawSpec: '^6.0.6',
128 silly cache add   spec: '>=6.0.6 <7.0.0',
128 silly cache add   type: 'range' }
129 silly addNamed laravel-mix@>=6.0.6 <7.0.0
130 verbose addNamed ">=6.0.6 <7.0.0" is a valid semver range for laravel-mix
131 silly addNameRange { name: 'laravel-mix', range: '>=6.0.6 <7.0.0', hasData: false }
132 silly mapToRegistry name laravel-mix
133 silly mapToRegistry using default registry
134 silly mapToRegistry registry https://registry.npmjs.org/
135 silly mapToRegistry uri https://registry.npmjs.org/laravel-mix
136 verbose addNameRange registry:https://registry.npmjs.org/laravel-mix not in flight; fetching
137 verbose get https://registry.npmjs.org/autoprefixer not expired, no request
138 silly resolveWithNewModule autoprefixer@10.2.4 checking installable status
139 silly cache add args [ 'autoprefixer@^10.0.2', null ]
140 verbose cache add spec autoprefixer@^10.0.2
141 silly cache add parsed spec Result {
141 silly cache add   raw: 'autoprefixer@^10.0.2',
141 silly cache add   scope: null,
141 silly cache add   name: 'autoprefixer',
141 silly cache add   rawSpec: '^10.0.2',
141 silly cache add   spec: '>=10.0.2 <11.0.0',
141 silly cache add   type: 'range' }
142 silly addNamed autoprefixer@>=10.0.2 <11.0.0
143 verbose addNamed ">=10.0.2 <11.0.0" is a valid semver range for autoprefixer
144 silly addNameRange { name: 'autoprefixer',
144 silly addNameRange   range: '>=10.0.2 <11.0.0',
144 silly addNameRange   hasData: false }
145 silly mapToRegistry name autoprefixer
146 silly mapToRegistry using default registry
147 silly mapToRegistry registry https://registry.npmjs.org/
148 silly mapToRegistry uri https://registry.npmjs.org/autoprefixer
149 verbose addNameRange registry:https://registry.npmjs.org/autoprefixer not in flight; fetching
150 verbose get https://registry.npmjs.org/postcss-import not expired, no request
151 silly resolveWithNewModule postcss-import@12.0.1 checking installable status
152 silly cache add args [ 'postcss-import@^12.0.1', null ]
153 verbose cache add spec postcss-import@^12.0.1
154 silly cache add parsed spec Result {
154 silly cache add   raw: 'postcss-import@^12.0.1',
154 silly cache add   scope: null,
154 silly cache add   name: 'postcss-import',
154 silly cache add   rawSpec: '^12.0.1',
154 silly cache add   spec: '>=12.0.1 <13.0.0',
154 silly cache add   type: 'range' }
155 silly addNamed postcss-import@>=12.0.1 <13.0.0
156 verbose addNamed ">=12.0.1 <13.0.0" is a valid semver range for postcss-import
157 silly addNameRange { name: 'postcss-import',
157 silly addNameRange   range: '>=12.0.1 <13.0.0',
157 silly addNameRange   hasData: false }
158 silly mapToRegistry name postcss-import
159 silly mapToRegistry using default registry
160 silly mapToRegistry registry https://registry.npmjs.org/
161 silly mapToRegistry uri https://registry.npmjs.org/postcss-import
162 verbose addNameRange registry:https://registry.npmjs.org/postcss-import not in flight; fetching
163 verbose get https://registry.npmjs.org/postcss not expired, no request
164 silly resolveWithNewModule postcss@8.2.6 checking installable status
165 silly cache add args [ 'postcss@^8.1.14', null ]
166 verbose cache add spec postcss@^8.1.14
167 silly cache add parsed spec Result {
167 silly cache add   raw: 'postcss@^8.1.14',
167 silly cache add   scope: null,
167 silly cache add   name: 'postcss',
167 silly cache add   rawSpec: '^8.1.14',
167 silly cache add   spec: '>=8.1.14 <9.0.0',
167 silly cache add   type: 'range' }
168 silly addNamed postcss@>=8.1.14 <9.0.0
169 verbose addNamed ">=8.1.14 <9.0.0" is a valid semver range for postcss
170 silly addNameRange { name: 'postcss', range: '>=8.1.14 <9.0.0', hasData: false }
171 silly mapToRegistry name postcss
172 silly mapToRegistry using default registry
173 silly mapToRegistry registry https://registry.npmjs.org/
174 silly mapToRegistry uri https://registry.npmjs.org/postcss
175 verbose addNameRange registry:https://registry.npmjs.org/postcss not in flight; fetching
176 verbose get https://registry.npmjs.org/tailwindcss not expired, no request
177 silly resolveWithNewModule tailwindcss@2.0.3 checking installable status
178 silly cache add args [ 'tailwindcss@^2.0.1', null ]
179 verbose cache add spec tailwindcss@^2.0.1
180 silly cache add parsed spec Result {
180 silly cache add   raw: 'tailwindcss@^2.0.1',
180 silly cache add   scope: null,
180 silly cache add   name: 'tailwindcss',
180 silly cache add   rawSpec: '^2.0.1',
180 silly cache add   spec: '>=2.0.1 <3.0.0',
180 silly cache add   type: 'range' }
181 silly addNamed tailwindcss@>=2.0.1 <3.0.0
182 verbose addNamed ">=2.0.1 <3.0.0" is a valid semver range for tailwindcss
183 silly addNameRange { name: 'tailwindcss', range: '>=2.0.1 <3.0.0', hasData: false }
184 silly mapToRegistry name tailwindcss
185 silly mapToRegistry using default registry
186 silly mapToRegistry registry https://registry.npmjs.org/
187 silly mapToRegistry uri https://registry.npmjs.org/tailwindcss
188 verbose addNameRange registry:https://registry.npmjs.org/tailwindcss not in flight; fetching
189 verbose get https://registry.npmjs.org/@tailwindcss%2fforms not expired, no request
190 silly addNameRange number 2 { name: '@tailwindcss/forms',
190 silly addNameRange   range: '>=0.2.1 <0.3.0',
190 silly addNameRange   hasData: true }
191 silly addNameRange versions [ '@tailwindcss/forms',
191 silly addNameRange   [ '0.1.0', '0.1.1', '0.1.2', '0.1.3', '0.1.4', '0.2.0', '0.2.1' ] ]
192 silly addNamed @tailwindcss/forms@0.2.1
193 verbose addNamed "0.2.1" is a plain semver version for @tailwindcss/forms
194 verbose get https://registry.npmjs.org/@tailwindcss%2ftypography not expired, no request
195 silly addNameRange number 2 { name: '@tailwindcss/typography',
195 silly addNameRange   range: '>=0.3.0 <0.4.0',
195 silly addNameRange   hasData: true }
196 silly addNameRange versions [ '@tailwindcss/typography',
196 silly addNameRange   [ '0.1.0',
196 silly addNameRange     '0.1.1',
196 silly addNameRange     '0.1.2',
196 silly addNameRange     '0.1.3',
196 silly addNameRange     '0.1.4',
196 silly addNameRange     '0.2.0',
196 silly addNameRange     '0.0.0-1a51113',
196 silly addNameRange     '0.0.0-cbfeb47',
196 silly addNameRange     '0.0.0-caa70b6',
196 silly addNameRange     '0.0.0-c1bbc58',
196 silly addNameRange     '0.2.0-cb415ad',
196 silly addNameRange     '0.3.0',
196 silly addNameRange     '0.3.1',
196 silly addNameRange     '0.4.0' ] ]
197 silly addNamed @tailwindcss/typography@0.3.1
198 verbose addNamed "0.3.1" is a plain semver version for @tailwindcss/typography
199 verbose get https://registry.npmjs.org/alpinejs not expired, no request
200 silly addNameRange number 2 { name: 'alpinejs', range: '>=2.7.3 <3.0.0', hasData: true }
201 silly addNameRange versions [ 'alpinejs',
201 silly addNameRange   [ '1.0.0',
201 silly addNameRange     '1.1.1',
201 silly addNameRange     '1.1.2',
201 silly addNameRange     '1.1.3',
201 silly addNameRange     '1.1.4',
201 silly addNameRange     '1.1.5',
201 silly addNameRange     '1.2.0',
201 silly addNameRange     '1.3.0',
201 silly addNameRange     '1.3.1',
201 silly addNameRange     '1.4.0',
201 silly addNameRange     '1.5.0',
201 silly addNameRange     '1.6.0',
201 silly addNameRange     '1.6.1',
201 silly addNameRange     '1.6.2',
201 silly addNameRange     '1.7.0',
201 silly addNameRange     '1.8.0',
201 silly addNameRange     '1.8.1',
201 silly addNameRange     '1.8.2',
201 silly addNameRange     '1.9.0',
201 silly addNameRange     '1.9.1',
201 silly addNameRange     '1.9.2',
201 silly addNameRange     '1.9.3',
201 silly addNameRange     '1.9.4',
201 silly addNameRange     '1.9.5',
201 silly addNameRange     '1.9.6',
201 silly addNameRange     '1.9.7',
201 silly addNameRange     '1.9.8',
201 silly addNameRange     '1.10.0',
201 silly addNameRange     '1.10.1',
201 silly addNameRange     '1.11.0',
201 silly addNameRange     '1.11.1',
201 silly addNameRange     '1.12.0',
201 silly addNameRange     '2.0.0',
201 silly addNameRange     '2.0.1',
201 silly addNameRange     '2.0.2',
201 silly addNameRange     '2.1.0',
201 silly addNameRange     '2.1.1',
201 silly addNameRange     '2.1.2',
201 silly addNameRange     '2.2.0',
201 silly addNameRange     '2.2.1',
201 silly addNameRange     '2.2.2',
201 silly addNameRange     '2.2.3',
201 silly addNameRange     '2.2.4',
201 silly addNameRange     '2.2.5',
201 silly addNameRange     '2.3.0',
201 silly addNameRange     '2.3.1',
201 silly addNameRange     '2.3.2',
201 silly addNameRange     '2.3.3',
201 silly addNameRange     '2.3.4',
201 silly addNameRange     '2.3.5',
201 silly addNameRange     '2.4.0',
201 silly addNameRange     '2.4.1',
201 silly addNameRange     '2.5.0',
201 silly addNameRange     '2.6.0',
201 silly addNameRange     '2.7.0',
201 silly addNameRange     '2.7.1',
201 silly addNameRange     '2.7.2',
201 silly addNameRange     '2.7.3',
201 silly addNameRange     '2.8.0',
201 silly addNameRange     '2.8.1' ] ]
202 silly addNamed alpinejs@2.8.1
203 verbose addNamed "2.8.1" is a plain semver version for alpinejs
204 verbose get https://registry.npmjs.org/axios not expired, no request
205 silly addNameRange number 2 { name: 'axios', range: '>=0.21.0 <0.22.0', hasData: true }
206 silly addNameRange versions [ 'axios',
206 silly addNameRange   [ '0.1.0',
206 silly addNameRange     '0.2.0',
206 silly addNameRange     '0.2.1',
206 silly addNameRange     '0.2.2',
206 silly addNameRange     '0.3.0',
206 silly addNameRange     '0.3.1',
206 silly addNameRange     '0.4.0',
206 silly addNameRange     '0.4.1',
206 silly addNameRange     '0.4.2',
206 silly addNameRange     '0.5.0',
206 silly addNameRange     '0.5.1',
206 silly addNameRange     '0.5.2',
206 silly addNameRange     '0.5.3',
206 silly addNameRange     '0.5.4',
206 silly addNameRange     '0.6.0',
206 silly addNameRange     '0.7.0',
206 silly addNameRange     '0.8.0',
206 silly addNameRange     '0.8.1',
206 silly addNameRange     '0.9.0',
206 silly addNameRange     '0.9.1',
206 silly addNameRange     '0.10.0',
206 silly addNameRange     '0.11.0',
206 silly addNameRange     '0.11.1',
206 silly addNameRange     '0.12.0',
206 silly addNameRange     '0.13.0',
206 silly addNameRange     '0.13.1',
206 silly addNameRange     '0.14.0',
206 silly addNameRange     '0.15.0',
206 silly addNameRange     '0.15.1',
206 silly addNameRange     '0.15.2',
206 silly addNameRange     '0.15.3',
206 silly addNameRange     '0.16.0',
206 silly addNameRange     '0.16.1',
206 silly addNameRange     '0.16.2',
206 silly addNameRange     '0.17.0',
206 silly addNameRange     '0.17.1',
206 silly addNameRange     '0.18.0',
206 silly addNameRange     '0.19.0-beta.1',
206 silly addNameRange     '0.19.0',
206 silly addNameRange     '0.18.1',
206 silly addNameRange     '0.19.1',
206 silly addNameRange     '0.19.2',
206 silly addNameRange     '0.20.0-0',
206 silly addNameRange     '0.20.0',
206 silly addNameRange     '0.21.0',
206 silly addNameRange     '0.21.1' ] ]
207 silly addNamed axios@0.21.1
208 verbose addNamed "0.21.1" is a plain semver version for axios
209 verbose get https://registry.npmjs.org/postcss-import not expired, no request
210 silly addNameRange number 2 { name: 'postcss-import',
210 silly addNameRange   range: '>=12.0.1 <13.0.0',
210 silly addNameRange   hasData: true }
211 silly addNameRange versions [ 'postcss-import',
211 silly addNameRange   [ '1.0.0',
211 silly addNameRange     '1.0.1',
211 silly addNameRange     '1.0.2',
211 silly addNameRange     '1.0.3',
211 silly addNameRange     '2.0.0',
211 silly addNameRange     '3.0.0',
211 silly addNameRange     '3.1.0',
211 silly addNameRange     '3.2.0',
211 silly addNameRange     '4.0.0',
211 silly addNameRange     '4.1.0',
211 silly addNameRange     '4.1.1',
211 silly addNameRange     '5.0.0',
211 silly addNameRange     '5.0.1',
211 silly addNameRange     '5.0.2',
211 silly addNameRange     '5.0.3',
211 silly addNameRange     '5.1.0',
211 silly addNameRange     '5.1.1',
211 silly addNameRange     '5.2.0',
211 silly addNameRange     '5.2.1',
211 silly addNameRange     '5.2.2',
211 silly addNameRange     '6.0.0',
211 silly addNameRange     '6.1.1',
211 silly addNameRange     '6.2.0',
211 silly addNameRange     '7.0.0',
211 silly addNameRange     '7.1.0',
211 silly addNameRange     '7.1.1',
211 silly addNameRange     '7.1.2',
211 silly addNameRange     '7.1.3',
211 silly addNameRange     '8.0.0',
211 silly addNameRange     '8.0.1',
211 silly addNameRange     '8.0.2',
211 silly addNameRange     '8.1.0',
211 silly addNameRange     '8.1.1',
211 silly addNameRange     '8.1.2',
211 silly addNameRange     '8.1.3',
211 silly addNameRange     '8.2.0',
211 silly addNameRange     '9.0.0',
211 silly addNameRange     '9.1.0',
211 silly addNameRange     '10.0.0',
211 silly addNameRange     '11.0.0',
211 silly addNameRange     '11.1.0',
211 silly addNameRange     '12.0.0',
211 silly addNameRange     '12.0.1',
211 silly addNameRange     '13.0.0',
211 silly addNameRange     '14.0.0' ] ]
212 silly addNamed postcss-import@12.0.1
213 verbose addNamed "12.0.1" is a plain semver version for postcss-import
214 verbose get https://registry.npmjs.org/laravel-mix not expired, no request
215 silly addNameRange number 2 { name: 'laravel-mix', range: '>=6.0.6 <7.0.0', hasData: true }
216 silly addNameRange versions [ 'laravel-mix',
216 silly addNameRange   [ '0.1.0',
216 silly addNameRange     '0.2.0',
216 silly addNameRange     '0.2.1',
216 silly addNameRange     '0.2.2',
216 silly addNameRange     '0.2.3',
216 silly addNameRange     '0.2.4',
216 silly addNameRange     '0.2.5',
216 silly addNameRange     '0.2.7',
216 silly addNameRange     '0.2.8',
216 silly addNameRange     '0.2.10',
216 silly addNameRange     '0.3.0',
216 silly addNameRange     '0.4.0',
216 silly addNameRange     '0.5.0',
216 silly addNameRange     '0.5.1',
216 silly addNameRange     '0.5.2',
216 silly addNameRange     '0.5.3',
216 silly addNameRange     '0.5.4',
216 silly addNameRange     '0.5.5',
216 silly addNameRange     '0.5.6',
216 silly addNameRange     '0.5.7',
216 silly addNameRange     '0.5.8',
216 silly addNameRange     '0.5.9',
216 silly addNameRange     '0.5.10',
216 silly addNameRange     '0.5.11',
216 silly addNameRange     '0.5.12',
216 silly addNameRange     '0.5.13',
216 silly addNameRange     '0.5.14',
216 silly addNameRange     '0.5.15',
216 silly addNameRange     '0.5.16',
216 silly addNameRange     '0.6.0',
216 silly addNameRange     '0.6.1',
216 silly addNameRange     '0.6.2',
216 silly addNameRange     '0.6.3',
216 silly addNameRange     '0.7.0',
216 silly addNameRange     '0.7.1',
216 silly addNameRange     '0.7.2',
216 silly addNameRange     '0.7.3',
216 silly addNameRange     '0.7.4',
216 silly addNameRange     '0.7.5',
216 silly addNameRange     '0.8.0',
216 silly addNameRange     '0.8.1',
216 silly addNameRange     '0.8.2',
216 silly addNameRange     '0.8.3',
216 silly addNameRange     '0.8.4',
216 silly addNameRange     '0.8.5',
216 silly addNameRange     '0.8.6',
216 silly addNameRange     '0.8.7',
216 silly addNameRange     '0.8.8',
216 silly addNameRange     '0.8.9',
216 silly addNameRange     '0.9.0',
216 silly addNameRange     '0.9.1',
216 silly addNameRange     '0.9.2',
216 silly addNameRange     '0.10.0',
216 silly addNameRange     '0.11.0',
216 silly addNameRange     '0.11.1',
216 silly addNameRange     '0.11.2',
216 silly addNameRange     '0.11.3',
216 silly addNameRange     '0.11.4',
216 silly addNameRange     '0.12.0',
216 silly addNameRange     '0.12.1',
216 silly addNameRange     '1.0.0-beta.1',
216 silly addNameRange     '1.0.0-beta.2',
216 silly addNameRange     '1.0.0',
216 silly addNameRange     '1.0.1',
216 silly addNameRange     '1.0.2',
216 silly addNameRange     '1.0.3',
216 silly addNameRange     '1.0.4',
216 silly addNameRange     '1.0.5',
216 silly addNameRange     '1.0.6',
216 silly addNameRange     '1.0.7',
216 silly addNameRange     '1.1.0',
216 silly addNameRange     '1.1.1',
216 silly addNameRange     '1.2.0',
216 silly addNameRange     '1.2.1',
216 silly addNameRange     '1.2.2',
216 silly addNameRange     '1.3.0',
216 silly addNameRange     '1.3.1',
216 silly addNameRange     '1.4.1',
216 silly addNameRange     '1.4.2',
216 silly addNameRange     '1.4.3',
216 silly addNameRange     '1.4.4',
216 silly addNameRange     '1.4.5',
216 silly addNameRange     '1.5.0',
216 silly addNameRange     '1.5.1',
216 silly addNameRange     '1.6.0',
216 silly addNameRange     '1.6.1',
216 silly addNameRange     '1.6.2',
216 silly addNameRange     '1.7.0',
216 silly addNameRange     '1.7.1',
216 silly addNameRange     '1.7.2',
216 silly addNameRange     '2.0.0',
216 silly addNameRange     '2.1.0',
216 silly addNameRange     '2.1.1',
216 silly addNameRange     '2.1.2',
216 silly addNameRange     '2.1.3',
216 silly addNameRange     '2.1.5',
216 silly addNameRange     '2.1.6',
216 silly addNameRange     '2.1.7',
216 silly addNameRange     '2.1.8',
216 silly addNameRange     '2.1.9',
216 silly addNameRange     ... 71 more items ] ]
217 silly addNamed laravel-mix@6.0.11
218 verbose addNamed "6.0.11" is a plain semver version for laravel-mix
219 verbose get https://registry.npmjs.org/autoprefixer not expired, no request
220 silly addNameRange number 2 { name: 'autoprefixer',
220 silly addNameRange   range: '>=10.0.2 <11.0.0',
220 silly addNameRange   hasData: true }
221 silly addNameRange versions [ 'autoprefixer',
221 silly addNameRange   [ '0.1.20130409',
221 silly addNameRange     '0.2.20130413',
221 silly addNameRange     '0.3.20130423',
221 silly addNameRange     '0.3.20130424',
221 silly addNameRange     '0.3.20130427',
221 silly addNameRange     '0.3.20130502',
221 silly addNameRange     '0.4.20130507',
221 silly addNameRange     '0.4.20130515',
221 silly addNameRange     '0.4.20130521',
221 silly addNameRange     '0.4.20130524',
221 silly addNameRange     '0.4.20130528',
221 silly addNameRange     '0.4.20130530',
221 silly addNameRange     '0.4.20130603',
221 silly addNameRange     '0.5.20130615',
221 silly addNameRange     '0.5.20130616',
221 silly addNameRange     '0.5.20130617',
221 silly addNameRange     '0.5.20130625',
221 silly addNameRange     '0.5.20130626',
221 silly addNameRange     '0.5.20130629',
221 silly addNameRange     '0.6.20130716',
221 silly addNameRange     '0.6.20130721',
221 silly addNameRange     '0.6.20130728',
221 silly addNameRange     '0.6.20130729',
221 silly addNameRange     '0.6.20130730',
221 silly addNameRange     '0.6.20130731',
221 silly addNameRange     '0.7.20130805',
221 silly addNameRange     '0.7.20130806',
221 silly addNameRange     '0.7.20130807',
221 silly addNameRange     '0.7.20130808',
221 silly addNameRange     '0.7.20130810',
221 silly addNameRange     '0.7.20130824',
221 silly addNameRange     '0.8.20130902',
221 silly addNameRange     '0.8.20130903',
221 silly addNameRange     '0.8.20130906',
221 silly addNameRange     '0.8.20130911',
221 silly addNameRange     '0.8.20130919',
221 silly addNameRange     '0.8.20130923',
221 silly addNameRange     '0.8.20131001',
221 silly addNameRange     '0.8.20131006',
221 silly addNameRange     '0.8.20131007',
221 silly addNameRange     '0.8.20131009',
221 silly addNameRange     '0.8.20131015',
221 silly addNameRange     '0.8.20131017',
221 silly addNameRange     '0.8.20131020',
221 silly addNameRange     '0.8.20131029',
221 silly addNameRange     '0.8.20131104',
221 silly addNameRange     '0.8.20131209',
221 silly addNameRange     '0.8.20131213',
221 silly addNameRange     '1.0.20131222',
221 silly addNameRange     '1.0.20140103',
221 silly addNameRange     '1.0.20140109',
221 silly addNameRange     '1.0.20140110',
221 silly addNameRange     '1.0.20140117',
221 silly addNameRange     '1.0.20140130',
221 silly addNameRange     '1.0.20140203',
221 silly addNameRange     '1.0.20140213',
221 silly addNameRange     '1.1.20140218',
221 silly addNameRange     '1.1.20140222',
221 silly addNameRange     '1.1.20140226',
221 silly addNameRange     '1.1.20140302',
221 silly addNameRange     '1.1.20140319',
221 silly addNameRange     '1.1.20140327',
221 silly addNameRange     '1.1.20140403',
221 silly addNameRange     '1.1.20140410',
221 silly addNameRange     '1.1.20140429',
221 silly addNameRange     '1.1.20140430',
221 silly addNameRange     '1.1.20140510',
221 silly addNameRange     '1.1.20140512',
221 silly addNameRange     '1.1.20140521',
221 silly addNameRange     '1.1.20140523',
221 silly addNameRange     '1.1.20140605',
221 silly addNameRange     '1.2.0',
221 silly addNameRange     '1.3.0',
221 silly addNameRange     '1.3.1',
221 silly addNameRange     '2.0.0',
221 silly addNameRange     '2.0.1',
221 silly addNameRange     '2.0.2',
221 silly addNameRange     '2.1.0',
221 silly addNameRange     '2.1.1',
221 silly addNameRange     '2.2.0',
221 silly addNameRange     '3.0.0',
221 silly addNameRange     '3.1.0',
221 silly addNameRange     '4.0.0',
221 silly addNameRange     '5.0.0',
221 silly addNameRange     '5.1.0',
221 silly addNameRange     '5.1.1',
221 silly addNameRange     '5.2.0',
221 silly addNameRange     '6.0.0',
221 silly addNameRange     '6.0.1',
221 silly addNameRange     '6.0.2',
221 silly addNameRange     '6.0.3',
221 silly addNameRange     '6.1.0',
221 silly addNameRange     '6.1.1',
221 silly addNameRange     '6.1.2',
221 silly addNameRange     '6.2.0',
221 silly addNameRange     '6.2.1',
221 silly addNameRange     '6.2.2',
221 silly addNameRange     '6.2.3',
221 silly addNameRange     '6.3.0',
221 silly addNameRange     '6.3.1',
221 silly addNameRange     ... 111 more items ] ]
222 silly addNamed autoprefixer@10.2.4
223 verbose addNamed "10.2.4" is a plain semver version for autoprefixer
224 verbose get https://registry.npmjs.org/tailwindcss not expired, no request
225 silly addNameRange number 2 { name: 'tailwindcss', range: '>=2.0.1 <3.0.0', hasData: true }
226 silly addNameRange versions [ 'tailwindcss',
226 silly addNameRange   [ '0.0.1',
226 silly addNameRange     '0.1.0',
226 silly addNameRange     '0.1.1',
226 silly addNameRange     '0.1.2',
226 silly addNameRange     '0.1.3',
226 silly addNameRange     '0.1.4',
226 silly addNameRange     '0.1.5',
226 silly addNameRange     '0.1.6',
226 silly addNameRange     '0.2.0',
226 silly addNameRange     '0.2.1',
226 silly addNameRange     '0.2.2',
226 silly addNameRange     '0.3.0',
226 silly addNameRange     '0.4.0',
226 silly addNameRange     '0.4.1',
226 silly addNameRange     '0.4.2',
226 silly addNameRange     '0.4.3',
226 silly addNameRange     '0.5.0',
226 silly addNameRange     '0.5.1',
226 silly addNameRange     '0.5.2',
226 silly addNameRange     '0.5.3',
226 silly addNameRange     '0.6.0',
226 silly addNameRange     '0.6.1',
226 silly addNameRange     '0.6.2',
226 silly addNameRange     '0.6.3',
226 silly addNameRange     '0.6.4',
226 silly addNameRange     '0.6.5',
226 silly addNameRange     '0.6.6',
226 silly addNameRange     '0.7.0',
226 silly addNameRange     '0.7.1',
226 silly addNameRange     '0.7.2',
226 silly addNameRange     '0.7.3',
226 silly addNameRange     '0.7.4',
226 silly addNameRange     '1.0.0-beta.1',
226 silly addNameRange     '1.0.0-beta.2',
226 silly addNameRange     '1.0.0-beta.3',
226 silly addNameRange     '1.0.0-beta.4',
226 silly addNameRange     '1.0.0-beta.5',
226 silly addNameRange     '1.0.0-beta.6',
226 silly addNameRange     '1.0.0-beta.7',
226 silly addNameRange     '1.0.0-beta.8',
226 silly addNameRange     '1.0.0-beta.9',
226 silly addNameRange     '1.0.0-beta.10',
226 silly addNameRange     '1.0.0',
226 silly addNameRange     '1.0.1',
226 silly addNameRange     '1.0.2',
226 silly addNameRange     '1.0.3',
226 silly addNameRange     '1.0.4',
226 silly addNameRange     '1.0.5',
226 silly addNameRange     '1.0.6',
226 silly addNameRange     '1.1.0',
226 silly addNameRange     '1.1.1',
226 silly addNameRange     '1.1.2',
226 silly addNameRange     '1.2.0-canary.0',
226 silly addNameRange     '1.2.0-canary.1',
226 silly addNameRange     '1.1.3',
226 silly addNameRange     '1.1.4',
226 silly addNameRange     '1.2.0-canary.2',
226 silly addNameRange     '1.2.0-canary.3',
226 silly addNameRange     '1.2.0-canary.4',
226 silly addNameRange     '1.2.0-canary.5',
226 silly addNameRange     '1.2.0-canary.6',
226 silly addNameRange     '1.2.0-canary.7',
226 silly addNameRange     '1.2.0-canary.8',
226 silly addNameRange     '1.2.0',
226 silly addNameRange     '1.3.0',
226 silly addNameRange     '1.3.1',
226 silly addNameRange     '1.3.2',
226 silly addNameRange     '1.3.3',
226 silly addNameRange     '1.3.4',
226 silly addNameRange     '1.3.5',
226 silly addNameRange     '1.4.0',
226 silly addNameRange     '1.4.1',
226 silly addNameRange     '1.4.2',
226 silly addNameRange     '1.4.3',
226 silly addNameRange     '1.4.4',
226 silly addNameRange     '1.4.5',
226 silly addNameRange     '1.4.6',
226 silly addNameRange     '0.0.0-658250a96',
226 silly addNameRange     '1.5.0',
226 silly addNameRange     '1.5.1',
226 silly addNameRange     '1.5.2',
226 silly addNameRange     '1.6.0',
226 silly addNameRange     '1.6.1',
226 silly addNameRange     '1.6.2',
226 silly addNameRange     '1.6.3',
226 silly addNameRange     '1.7.0',
226 silly addNameRange     '1.7.1',
226 silly addNameRange     '1.7.2',
226 silly addNameRange     '1.7.3',
226 silly addNameRange     '1.7.4',
226 silly addNameRange     '1.7.5',
226 silly addNameRange     '1.7.6',
226 silly addNameRange     '1.8.0',
226 silly addNameRange     '1.8.1',
226 silly addNameRange     '1.8.2',
226 silly addNameRange     '1.8.3',
226 silly addNameRange     '1.8.4',
226 silly addNameRange     '1.8.5',
226 silly addNameRange     '1.8.6',
226 silly addNameRange     '1.8.7',
226 silly addNameRange     ... 47 more items ] ]
227 silly addNamed tailwindcss@2.0.3
228 verbose addNamed "2.0.3" is a plain semver version for tailwindcss
229 verbose get https://registry.npmjs.org/postcss not expired, no request
230 silly addNameRange number 2 { name: 'postcss', range: '>=8.1.14 <9.0.0', hasData: true }
231 silly addNameRange versions [ 'postcss',
231 silly addNameRange   [ '0.1.0',
231 silly addNameRange     '0.2.0',
231 silly addNameRange     '0.3.0',
231 silly addNameRange     '0.3.1',
231 silly addNameRange     '0.3.2',
231 silly addNameRange     '0.3.3',
231 silly addNameRange     '0.3.4',
231 silly addNameRange     '0.3.5',
231 silly addNameRange     '1.0.0',
231 silly addNameRange     '2.0.0',
231 silly addNameRange     '2.1.0',
231 silly addNameRange     '2.1.1',
231 silly addNameRange     '2.1.2',
231 silly addNameRange     '2.2.0',
231 silly addNameRange     '2.2.1',
231 silly addNameRange     '2.2.2',
231 silly addNameRange     '2.2.3',
231 silly addNameRange     '2.2.4',
231 silly addNameRange     '2.2.5',
231 silly addNameRange     '2.2.6',
231 silly addNameRange     '3.0.0',
231 silly addNameRange     '3.0.1',
231 silly addNameRange     '3.0.2',
231 silly addNameRange     '3.0.3',
231 silly addNameRange     '3.0.4',
231 silly addNameRange     '3.0.5',
231 silly addNameRange     '3.0.6',
231 silly addNameRange     '3.0.7',
231 silly addNameRange     '4.0.0',
231 silly addNameRange     '4.0.1',
231 silly addNameRange     '4.0.2',
231 silly addNameRange     '4.0.3',
231 silly addNameRange     '4.0.4',
231 silly addNameRange     '4.0.5',
231 silly addNameRange     '4.0.6',
231 silly addNameRange     '4.1.0',
231 silly addNameRange     '4.1.1',
231 silly addNameRange     '4.1.2',
231 silly addNameRange     '4.1.3',
231 silly addNameRange     '4.1.4',
231 silly addNameRange     '4.1.5',
231 silly addNameRange     '4.1.6',
231 silly addNameRange     '4.1.7',
231 silly addNameRange     '4.1.8',
231 silly addNameRange     '4.1.9',
231 silly addNameRange     '4.1.10',
231 silly addNameRange     '4.1.11',
231 silly addNameRange     '4.1.12',
231 silly addNameRange     '4.1.13',
231 silly addNameRange     '4.1.14',
231 silly addNameRange     '4.1.15',
231 silly addNameRange     '4.1.16',
231 silly addNameRange     '5.0.0',
231 silly addNameRange     '5.0.1',
231 silly addNameRange     '5.0.2',
231 silly addNameRange     '5.0.3',
231 silly addNameRange     '5.0.4',
231 silly addNameRange     '5.0.5',
231 silly addNameRange     '5.0.6',
231 silly addNameRange     '5.0.7',
231 silly addNameRange     '5.0.8',
231 silly addNameRange     '5.0.9',
231 silly addNameRange     '5.0.10',
231 silly addNameRange     '5.0.11',
231 silly addNameRange     '5.0.12',
231 silly addNameRange     '5.0.13',
231 silly addNameRange     '5.0.14',
231 silly addNameRange     '5.0.15',
231 silly addNameRange     '5.0.16',
231 silly addNameRange     '5.0.17',
231 silly addNameRange     '5.0.18',
231 silly addNameRange     '5.0.19',
231 silly addNameRange     '5.0.20',
231 silly addNameRange     '5.0.21',
231 silly addNameRange     '5.1.0',
231 silly addNameRange     '5.1.1',
231 silly addNameRange     '5.1.2',
231 silly addNameRange     '5.2.0',
231 silly addNameRange     '5.2.1',
231 silly addNameRange     '5.2.2',
231 silly addNameRange     '5.2.3',
231 silly addNameRange     '5.2.4',
231 silly addNameRange     '5.2.5',
231 silly addNameRange     '5.2.6',
231 silly addNameRange     '5.2.7',
231 silly addNameRange     '5.2.8',
231 silly addNameRange     '5.2.9',
231 silly addNameRange     '5.2.10',
231 silly addNameRange     '5.2.11',
231 silly addNameRange     '5.2.12',
231 silly addNameRange     '5.2.13',
231 silly addNameRange     '5.2.14',
231 silly addNameRange     '5.2.15',
231 silly addNameRange     '5.2.16',
231 silly addNameRange     '5.2.17',
231 silly addNameRange     '6.0.0',
231 silly addNameRange     '6.0.1',
231 silly addNameRange     '6.0.2',
231 silly addNameRange     '6.0.3',
231 silly addNameRange     '6.0.4',
231 silly addNameRange     ... 88 more items ] ]
232 silly addNamed postcss@8.2.6
233 verbose addNamed "8.2.6" is a plain semver version for postcss
234 silly cache afterAdd @tailwindcss/forms@0.2.1
235 verbose afterAdd /home/ayoub/.npm/@tailwindcss/forms/0.2.1/package/package.json not in flight; writing
236 silly cache afterAdd @tailwindcss/typography@0.3.1
237 verbose afterAdd /home/ayoub/.npm/@tailwindcss/typography/0.3.1/package/package.json not in flight; writing
238 silly cache afterAdd alpinejs@2.8.1
239 verbose afterAdd /home/ayoub/.npm/alpinejs/2.8.1/package/package.json not in flight; writing
240 silly cache afterAdd axios@0.21.1
241 verbose afterAdd /home/ayoub/.npm/axios/0.21.1/package/package.json not in flight; writing
242 silly cache afterAdd postcss-import@12.0.1
243 verbose afterAdd /home/ayoub/.npm/postcss-import/12.0.1/package/package.json not in flight; writing
244 silly cache afterAdd postcss@8.2.6
245 verbose afterAdd /home/ayoub/.npm/postcss/8.2.6/package/package.json not in flight; writing
246 silly cache afterAdd laravel-mix@6.0.11
247 verbose afterAdd /home/ayoub/.npm/laravel-mix/6.0.11/package/package.json not in flight; writing
248 silly cache afterAdd autoprefixer@10.2.4
249 verbose afterAdd /home/ayoub/.npm/autoprefixer/10.2.4/package/package.json not in flight; writing
250 silly cache afterAdd tailwindcss@2.0.3
251 verbose afterAdd /home/ayoub/.npm/tailwindcss/2.0.3/package/package.json not in flight; writing
252 verbose afterAdd /home/ayoub/.npm/@tailwindcss/forms/0.2.1/package/package.json written
253 verbose afterAdd /home/ayoub/.npm/@tailwindcss/typography/0.3.1/package/package.json written
254 verbose afterAdd /home/ayoub/.npm/alpinejs/2.8.1/package/package.json written
255 verbose afterAdd /home/ayoub/.npm/axios/0.21.1/package/package.json written
256 verbose afterAdd /home/ayoub/.npm/postcss-import/12.0.1/package/package.json written
257 verbose afterAdd /home/ayoub/.npm/postcss/8.2.6/package/package.json written
258 verbose afterAdd /home/ayoub/.npm/laravel-mix/6.0.11/package/package.json written
259 verbose afterAdd /home/ayoub/.npm/autoprefixer/10.2.4/package/package.json written
260 verbose afterAdd /home/ayoub/.npm/tailwindcss/2.0.3/package/package.json written
261 silly fetchNamedPackageData mini-svg-data-uri
262 silly mapToRegistry name mini-svg-data-uri
263 silly mapToRegistry using default registry
264 silly mapToRegistry registry https://registry.npmjs.org/
265 silly mapToRegistry uri https://registry.npmjs.org/mini-svg-data-uri
266 verbose get https://registry.npmjs.org/mini-svg-data-uri not expired, no request
267 silly resolveWithNewModule mini-svg-data-uri@1.2.3 checking installable status
268 silly cache add args [ 'mini-svg-data-uri@^1.2.3', null ]
269 verbose cache add spec mini-svg-data-uri@^1.2.3
270 silly cache add parsed spec Result {
270 silly cache add   raw: 'mini-svg-data-uri@^1.2.3',
270 silly cache add   scope: null,
270 silly cache add   name: 'mini-svg-data-uri',
270 silly cache add   rawSpec: '^1.2.3',
270 silly cache add   spec: '>=1.2.3 <2.0.0',
270 silly cache add   type: 'range' }
271 silly addNamed mini-svg-data-uri@>=1.2.3 <2.0.0
272 verbose addNamed ">=1.2.3 <2.0.0" is a valid semver range for mini-svg-data-uri
273 silly addNameRange { name: 'mini-svg-data-uri',
273 silly addNameRange   range: '>=1.2.3 <2.0.0',
273 silly addNameRange   hasData: false }
274 silly mapToRegistry name mini-svg-data-uri
275 silly mapToRegistry using default registry
276 silly mapToRegistry registry https://registry.npmjs.org/
277 silly mapToRegistry uri https://registry.npmjs.org/mini-svg-data-uri
278 verbose addNameRange registry:https://registry.npmjs.org/mini-svg-data-uri not in flight; fetching
279 verbose get https://registry.npmjs.org/mini-svg-data-uri not expired, no request
280 silly addNameRange number 2 { name: 'mini-svg-data-uri',
280 silly addNameRange   range: '>=1.2.3 <2.0.0',
280 silly addNameRange   hasData: true }
281 silly addNameRange versions [ 'mini-svg-data-uri',
281 silly addNameRange   [ '1.0.0', '1.0.1', '1.0.2', '1.0.3', '1.1.3', '1.2.3' ] ]
282 silly addNamed mini-svg-data-uri@1.2.3
283 verbose addNamed "1.2.3" is a plain semver version for mini-svg-data-uri
284 silly cache afterAdd mini-svg-data-uri@1.2.3
285 verbose afterAdd /home/ayoub/.npm/mini-svg-data-uri/1.2.3/package/package.json not in flight; writing
286 verbose afterAdd /home/ayoub/.npm/mini-svg-data-uri/1.2.3/package/package.json written
287 silly fetchNamedPackageData browserslist
288 silly mapToRegistry name browserslist
289 silly mapToRegistry using default registry
290 silly mapToRegistry registry https://registry.npmjs.org/
291 silly mapToRegistry uri https://registry.npmjs.org/browserslist
292 silly fetchNamedPackageData caniuse-lite
293 silly mapToRegistry name caniuse-lite
294 silly mapToRegistry using default registry
295 silly mapToRegistry registry https://registry.npmjs.org/
296 silly mapToRegistry uri https://registry.npmjs.org/caniuse-lite
297 silly fetchNamedPackageData colorette
298 silly mapToRegistry name colorette
299 silly mapToRegistry using default registry
300 silly mapToRegistry registry https://registry.npmjs.org/
301 silly mapToRegistry uri https://registry.npmjs.org/colorette
302 silly fetchNamedPackageData fraction.js
303 silly mapToRegistry name fraction.js
304 silly mapToRegistry using default registry
305 silly mapToRegistry registry https://registry.npmjs.org/
306 silly mapToRegistry uri https://registry.npmjs.org/fraction.js
307 silly fetchNamedPackageData normalize-range
308 silly mapToRegistry name normalize-range
309 silly mapToRegistry using default registry
310 silly mapToRegistry registry https://registry.npmjs.org/
311 silly mapToRegistry uri https://registry.npmjs.org/normalize-range
312 silly fetchNamedPackageData postcss-value-parser
313 silly mapToRegistry name postcss-value-parser
314 silly mapToRegistry using default registry
315 silly mapToRegistry registry https://registry.npmjs.org/
316 silly mapToRegistry uri https://registry.npmjs.org/postcss-value-parser
317 verbose get https://registry.npmjs.org/fraction.js not expired, no request
318 silly resolveWithNewModule fraction.js@4.0.13 checking installable status
319 silly cache add args [ 'fraction.js@^4.0.13', null ]
320 verbose cache add spec fraction.js@^4.0.13
321 silly cache add parsed spec Result {
321 silly cache add   raw: 'fraction.js@^4.0.13',
321 silly cache add   scope: null,
321 silly cache add   name: 'fraction.js',
321 silly cache add   rawSpec: '^4.0.13',
321 silly cache add   spec: '>=4.0.13 <5.0.0',
321 silly cache add   type: 'range' }
322 silly addNamed fraction.js@>=4.0.13 <5.0.0
323 verbose addNamed ">=4.0.13 <5.0.0" is a valid semver range for fraction.js
324 silly addNameRange { name: 'fraction.js', range: '>=4.0.13 <5.0.0', hasData: false }
325 silly mapToRegistry name fraction.js
326 silly mapToRegistry using default registry
327 silly mapToRegistry registry https://registry.npmjs.org/
328 silly mapToRegistry uri https://registry.npmjs.org/fraction.js
329 verbose addNameRange registry:https://registry.npmjs.org/fraction.js not in flight; fetching
330 verbose get https://registry.npmjs.org/normalize-range not expired, no request
331 silly resolveWithNewModule normalize-range@0.1.2 checking installable status
332 silly cache add args [ 'normalize-range@^0.1.2', null ]
333 verbose cache add spec normalize-range@^0.1.2
334 silly cache add parsed spec Result {
334 silly cache add   raw: 'normalize-range@^0.1.2',
334 silly cache add   scope: null,
334 silly cache add   name: 'normalize-range',
334 silly cache add   rawSpec: '^0.1.2',
334 silly cache add   spec: '>=0.1.2 <0.2.0',
334 silly cache add   type: 'range' }
335 silly addNamed normalize-range@>=0.1.2 <0.2.0
336 verbose addNamed ">=0.1.2 <0.2.0" is a valid semver range for normalize-range
337 silly addNameRange { name: 'normalize-range',
337 silly addNameRange   range: '>=0.1.2 <0.2.0',
337 silly addNameRange   hasData: false }
338 silly mapToRegistry name normalize-range
339 silly mapToRegistry using default registry
340 silly mapToRegistry registry https://registry.npmjs.org/
341 silly mapToRegistry uri https://registry.npmjs.org/normalize-range
342 verbose addNameRange registry:https://registry.npmjs.org/normalize-range not in flight; fetching
343 verbose get https://registry.npmjs.org/browserslist not expired, no request
344 silly resolveWithNewModule browserslist@4.16.3 checking installable status
345 silly cache add args [ 'browserslist@^4.16.1', null ]
346 verbose cache add spec browserslist@^4.16.1
347 silly cache add parsed spec Result {
347 silly cache add   raw: 'browserslist@^4.16.1',
347 silly cache add   scope: null,
347 silly cache add   name: 'browserslist',
347 silly cache add   rawSpec: '^4.16.1',
347 silly cache add   spec: '>=4.16.1 <5.0.0',
347 silly cache add   type: 'range' }
348 silly addNamed browserslist@>=4.16.1 <5.0.0
349 verbose addNamed ">=4.16.1 <5.0.0" is a valid semver range for browserslist
350 silly addNameRange { name: 'browserslist',
350 silly addNameRange   range: '>=4.16.1 <5.0.0',
350 silly addNameRange   hasData: false }
351 silly mapToRegistry name browserslist
352 silly mapToRegistry using default registry
353 silly mapToRegistry registry https://registry.npmjs.org/
354 silly mapToRegistry uri https://registry.npmjs.org/browserslist
355 verbose addNameRange registry:https://registry.npmjs.org/browserslist not in flight; fetching
356 verbose get https://registry.npmjs.org/postcss-value-parser not expired, no request
357 silly resolveWithNewModule postcss-value-parser@4.1.0 checking installable status
358 silly cache add args [ 'postcss-value-parser@^4.1.0', null ]
359 verbose cache add spec postcss-value-parser@^4.1.0
360 silly cache add parsed spec Result {
360 silly cache add   raw: 'postcss-value-parser@^4.1.0',
360 silly cache add   scope: null,
360 silly cache add   name: 'postcss-value-parser',
360 silly cache add   rawSpec: '^4.1.0',
360 silly cache add   spec: '>=4.1.0 <5.0.0',
360 silly cache add   type: 'range' }
361 silly addNamed postcss-value-parser@>=4.1.0 <5.0.0
362 verbose addNamed ">=4.1.0 <5.0.0" is a valid semver range for postcss-value-parser
363 silly addNameRange { name: 'postcss-value-parser',
363 silly addNameRange   range: '>=4.1.0 <5.0.0',
363 silly addNameRange   hasData: false }
364 silly mapToRegistry name postcss-value-parser
365 silly mapToRegistry using default registry
366 silly mapToRegistry registry https://registry.npmjs.org/
367 silly mapToRegistry uri https://registry.npmjs.org/postcss-value-parser
368 verbose addNameRange registry:https://registry.npmjs.org/postcss-value-parser not in flight; fetching
369 verbose get https://registry.npmjs.org/colorette not expired, no request
370 verbose stack Error: Missing required argument #1
370 verbose stack     at andLogAndFinish (/usr/share/npm/lib/fetch-package-metadata.js:31:3)
370 verbose stack     at fetchPackageMetadata (/usr/share/npm/lib/fetch-package-metadata.js:51:22)
370 verbose stack     at resolveWithNewModule (/usr/share/npm/lib/install/deps.js:456:12)
370 verbose stack     at /usr/share/npm/lib/install/deps.js:457:7
370 verbose stack     at /usr/share/npm/node_modules/iferr/index.js:13:50
370 verbose stack     at /usr/share/npm/lib/fetch-package-metadata.js:37:12
370 verbose stack     at addRequestedAndFinish (/usr/share/npm/lib/fetch-package-metadata.js:82:5)
370 verbose stack     at returnAndAddMetadata (/usr/share/npm/lib/fetch-package-metadata.js:117:7)
370 verbose stack     at pickVersionFromRegistryDocument (/usr/share/npm/lib/fetch-package-metadata.js:134:20)
370 verbose stack     at /usr/share/npm/node_modules/iferr/index.js:13:50
371 verbose cwd /home/ayoub/Dev/apiWeather
372 error Linux 5.4.0-65-generic
373 error argv "/usr/bin/node" "/usr/bin/npm" "install"
374 error node v8.10.0
375 error npm  v3.5.2
376 error code EMISSINGARG
377 error typeerror Error: Missing required argument #1
377 error typeerror     at andLogAndFinish (/usr/share/npm/lib/fetch-package-metadata.js:31:3)
377 error typeerror     at fetchPackageMetadata (/usr/share/npm/lib/fetch-package-metadata.js:51:22)
377 error typeerror     at resolveWithNewModule (/usr/share/npm/lib/install/deps.js:456:12)
377 error typeerror     at /usr/share/npm/lib/install/deps.js:457:7
377 error typeerror     at /usr/share/npm/node_modules/iferr/index.js:13:50
377 error typeerror     at /usr/share/npm/lib/fetch-package-metadata.js:37:12
377 error typeerror     at addRequestedAndFinish (/usr/share/npm/lib/fetch-package-metadata.js:82:5)
377 error typeerror     at returnAndAddMetadata (/usr/share/npm/lib/fetch-package-metadata.js:117:7)
377 error typeerror     at pickVersionFromRegistryDocument (/usr/share/npm/lib/fetch-package-metadata.js:134:20)
377 error typeerror     at /usr/share/npm/node_modules/iferr/index.js:13:50
378 error typeerror This is an error with npm itself. Please report this error at:
378 error typeerror     <http://github.com/npm/npm/issues>
379 verbose exit [ 1, true ]
